Running: /opt/14.7/ISE_DS/ISE/bin/lin64/unwrapped/fuse -intstyle ise -incremental -lib secureip -o /home/dani/Desktop/Segundo cuatri/Sed/Prac3/contador/contador_tb_isim_beh.exe -prj /home/dani/Desktop/Segundo cuatri/Sed/Prac3/contador/contador_tb_beh.prj work.contador_tb 
ISim P.20131013 (signature 0xfbc00daa)
Number of CPUs detected in this system: 8
Turning on mult-threading, number of parallel sub-compilation jobs: 16 
Determining compilation order of HDL files
Parsing VHDL file "/home/dani/Desktop/Segundo cuatri/Sed/Prac3/contador/ffD_reset.vhd" into library work
Parsing VHDL file "/home/dani/Desktop/Segundo cuatri/Sed/Prac3/contador/contador.vhd" into library work
Parsing VHDL file "/home/dani/Desktop/Segundo cuatri/Sed/Prac3/contador/contador_tb.vhd" into library work
Starting static elaboration
Completed static elaboration
Fuse Memory Usage: 95860 KB
Fuse CPU Usage: 950 ms
Compiling package standard
Compiling package std_logic_1164
Compiling architecture behavioral of entity ffD_reset [ffd_reset_default]
Compiling architecture behavioral of entity contador [contador_default]
Compiling architecture behavior of entity contador_tb
Time Resolution for simulation is 1ps.
Waiting for 1 sub-compilation(s) to finish...
Compiled 7 VHDL Units
Built simulation executable /home/dani/Desktop/Segundo cuatri/Sed/Prac3/contador/contador_tb_isim_beh.exe
Fuse Memory Usage: 1185920 KB
Fuse CPU Usage: 980 ms
GCC CPU Usage: 680 ms
