Command line:
   contador_tb_isim_beh.exe
     -simmode  gui
     -simrunnum  0
     -socket  35249

Tue Apr 14 14:04:12 2020


 Elaboration Time: 0.02 sec

 Current Memory Usage: 196.952 Meg

 Total Signals          : 36
 Total Nets             : 15
 Total Signal Drivers   : 12
 Total Blocks           : 7
 Total Primitive Blocks : 5
 Total Processes        : 11
 Total Traceable Variables  : 9
 Total Scalar Nets and Variables : 376
Total Line Count : 30

 Total Simulation Time: 0.36 sec

 Current Memory Usage: 272.454 Meg

Tue Apr 14 16:43:33 2020

